<?xml version="1.0" encoding="UTF-8"?>
<testng-results ignored="0" total="1" passed="1" failed="0" skipped="0">
  <reporter-output>
  </reporter-output>
  <suite started-at="2023-09-26T06:45:40Z" name="Default suite" finished-at="2023-09-26T06:45:46Z" duration-ms="6544">
    <groups>
    </groups>
    <test started-at="2023-09-26T06:45:40Z" name="Default test" finished-at="2023-09-26T06:45:46Z" duration-ms="6544">
      <class name="test.CreatePageTest">
        <test-method is-config="true" signature="setup()[pri:0, instance:test.CreatePageTest@64b0598]" started-at="2023-09-26T02:45:40Z" name="setup" finished-at="2023-09-26T02:45:42Z" duration-ms="1951" status="PASS">
          <reporter-output>
          </reporter-output>
        </test-method> <!-- setup -->
        <test-method signature="CreateTest(java.lang.String, java.lang.String, java.lang.String, java.lang.String, java.lang.String, java.lang.String, java.lang.String, java.lang.String, java.lang.String)[pri:0, instance:test.CreatePageTest@64b0598]" started-at="2023-09-26T02:45:42Z" name="CreateTest" data-provider="fb" finished-at="2023-09-26T02:45:46Z" duration-ms="4056" status="PASS">
          <params>
            <param index="0">
              <value>
                <![CDATA[Joe]]>
              </value>
            </param>
            <param index="1">
              <value>
                <![CDATA[Biden]]>
              </value>
            </param>
            <param index="2">
              <value>
                <![CDATA[joebiden@johnemail.com]]>
              </value>
            </param>
            <param index="3">
              <value>
                <![CDATA[joebiden@johnemail.com]]>
              </value>
            </param>
            <param index="4">
              <value>
                <![CDATA[BlahBlahBlah123]]>
              </value>
            </param>
            <param index="5">
              <value>
                <![CDATA[Jan]]>
              </value>
            </param>
            <param index="6">
              <value>
                <![CDATA[5]]>
              </value>
            </param>
            <param index="7">
              <value>
                <![CDATA[1965]]>
              </value>
            </param>
            <param index="8">
              <value>
                <![CDATA[Female]]>
              </value>
            </param>
          </params>
          <reporter-output>
          </reporter-output>
        </test-method> <!-- CreateTest -->
      </class> <!-- test.CreatePageTest -->
    </test> <!-- Default test -->
  </suite> <!-- Default suite -->
</testng-results>
